\BOOKMARK [1][-]{section.1}{Introduction to Quantum Computing}{}% 1
\BOOKMARK [2][-]{subsection.1.1}{Brief History}{section.1}% 2
\BOOKMARK [2][-]{subsection.1.2}{QIO}{section.1}% 3
\BOOKMARK [2][-]{subsection.1.3}{The Qubit}{section.1}% 4
\BOOKMARK [2][-]{subsection.1.4}{The Bloch Sphere}{section.1}% 5
\BOOKMARK [2][-]{subsection.1.5}{Decoherence}{section.1}% 6
\BOOKMARK [2][-]{subsection.1.6}{Basic Operations}{section.1}% 7
\BOOKMARK [3][-]{subsubsection.1.6.1}{1-Qubit Gates}{subsection.1.6}% 8
\BOOKMARK [3][-]{subsubsection.1.6.2}{n-Qubit Gates}{subsection.1.6}% 9
\BOOKMARK [2][-]{subsection.1.7}{Entanglement}{section.1}% 10
\BOOKMARK [2][-]{subsection.1.8}{The Bell States}{section.1}% 11
\BOOKMARK [1][-]{section.2}{Motivations}{}% 12
\BOOKMARK [2][-]{subsection.2.1}{Problems}{section.2}% 13
\BOOKMARK [2][-]{subsection.2.2}{Simulators}{section.2}% 14
\BOOKMARK [1][-]{section.3}{Related Work}{}% 15
\BOOKMARK [2][-]{subsection.3.1}{IBM Q}{section.3}% 16
\BOOKMARK [3][-]{subsubsection.3.1.1}{Evaluation}{subsection.3.1}% 17
\BOOKMARK [3][-]{subsubsection.3.1.2}{Key Points}{subsection.3.1}% 18
\BOOKMARK [1][-]{section.4}{Project Description}{}% 19
\BOOKMARK [2][-]{subsection.4.1}{Aim}{section.4}% 20
\BOOKMARK [2][-]{subsection.4.2}{Algorithms}{section.4}% 21
\BOOKMARK [3][-]{subsubsection.4.2.1}{Grover's algorithm}{subsection.4.2}% 22
\BOOKMARK [3][-]{subsubsection.4.2.2}{Shor's algorithm}{subsection.4.2}% 23
\BOOKMARK [1][-]{section.5}{The QIO Package}{}% 24
\BOOKMARK [2][-]{subsection.5.1}{Underlying Structure}{section.5}% 25
\BOOKMARK [2][-]{subsection.5.2}{Updating QIO}{section.5}% 26
\BOOKMARK [3][-]{subsubsection.5.2.1}{Current Errors}{subsection.5.2}% 27
\BOOKMARK [3][-]{subsubsection.5.2.2}{New Errors}{subsection.5.2}% 28
\BOOKMARK [3][-]{subsubsection.5.2.3}{Testing}{subsection.5.2}% 29
\BOOKMARK [1][-]{section.6}{Algorithms}{}% 30
\BOOKMARK [2][-]{subsection.6.1}{Grover's Algorithm}{section.6}% 31
\BOOKMARK [3][-]{subsubsection.6.1.1}{The Oracle}{subsection.6.1}% 32
\BOOKMARK [3][-]{subsubsection.6.1.2}{Diffusion}{subsection.6.1}% 33
\BOOKMARK [3][-]{subsubsection.6.1.3}{Application \046 Measurement}{subsection.6.1}% 34
\BOOKMARK [3][-]{subsubsection.6.1.4}{Expansion to multiple solutions}{subsection.6.1}% 35
\BOOKMARK [3][-]{subsubsection.6.1.5}{Implementing a Custom Oracle}{subsection.6.1}% 36
\BOOKMARK [3][-]{subsubsection.6.1.6}{Testing}{subsection.6.1}% 37
\BOOKMARK [3][-]{subsubsection.6.1.7}{An Improvement}{subsection.6.1}% 38
\BOOKMARK [3][-]{subsubsection.6.1.8}{Testing Solutions}{subsection.6.1}% 39
\BOOKMARK [3][-]{subsubsection.6.1.9}{Probability}{subsection.6.1}% 40
\BOOKMARK [2][-]{subsection.6.2}{Shor's Algorithm}{section.6}% 41
\BOOKMARK [3][-]{subsubsection.6.2.1}{Function Application}{subsection.6.2}% 42
\BOOKMARK [3][-]{subsubsection.6.2.2}{The Quantum Fourier Transform}{subsection.6.2}% 43
\BOOKMARK [3][-]{subsubsection.6.2.3}{An alternative}{subsection.6.2}% 44
\BOOKMARK [1][-]{section.7}{Quantum Circuit Builder}{}% 45
\BOOKMARK [2][-]{subsection.7.1}{Design}{section.7}% 46
\BOOKMARK [2][-]{subsection.7.2}{Implementation}{section.7}% 47
\BOOKMARK [2][-]{subsection.7.3}{Testing}{section.7}% 48
\BOOKMARK [1][-]{section.8}{Reflections}{}% 49
\BOOKMARK [1][-]{section.9}{References}{}% 50
