This is pdfTeX, Version 3.14159265-2.6-1.40.19 (TeX Live 2018/Arch Linux) (preloaded format=pdflatex 2019.2.19)  12 APR 2019 00:52
entering extended mode
 restricted \write18 enabled.
 %&-line parsing enabled.
**diss.tex
(./diss.tex
LaTeX2e <2018-12-01>
(/usr/share/texmf-dist/tex/latex/base/article.cls
Document Class: article 2018/09/03 v1.4i Standard LaTeX document class
(/usr/share/texmf-dist/tex/latex/base/size10.clo
File: size10.clo 2018/09/03 v1.4i Standard LaTeX file (size option)
)
\c@part=\count80
\c@section=\count81
\c@subsection=\count82
\c@subsubsection=\count83
\c@paragraph=\count84
\c@subparagraph=\count85
\c@figure=\count86
\c@table=\count87
\abovecaptionskip=\skip41
\belowcaptionskip=\skip42
\bibindent=\dimen102
)
(/usr/share/texmf-dist/tex/latex/graphics/graphicx.sty
Package: graphicx 2017/06/01 v1.1a Enhanced LaTeX Graphics (DPC,SPQR)

(/usr/share/texmf-dist/tex/latex/graphics/keyval.sty
Package: keyval 2014/10/28 v1.15 key=value parser (DPC)
\KV@toks@=\toks14
)
(/usr/share/texmf-dist/tex/latex/graphics/graphics.sty
Package: graphics 2017/06/25 v1.2c Standard LaTeX Graphics (DPC,SPQR)

(/usr/share/texmf-dist/tex/latex/graphics/trig.sty
Package: trig 2016/01/03 v1.10 sin cos tan (DPC)
)
(/usr/share/texmf-dist/tex/latex/graphics-cfg/graphics.cfg
File: graphics.cfg 2016/06/04 v1.11 sample graphics configuration
)
Package graphics Info: Driver file: pdftex.def on input line 99.

(/usr/share/texmf-dist/tex/latex/graphics-def/pdftex.def
File: pdftex.def 2018/01/08 v1.0l Graphics/color driver for pdftex
))
\Gin@req@height=\dimen103
\Gin@req@width=\dimen104
)
(/usr/share/texmf-dist/tex/latex/verbatimbox/verbatimbox.sty
Package: verbatimbox 2014/03/12 v3.13 Routines for placing verbatim text into b
oxes, useful in places where the verbatim environment is inaccessible. Secondar
ily, for adding vertical buffer around an object.

(/usr/share/texmf-dist/tex/latex/tools/verbatim.sty
Package: verbatim 2014/10/28 v1.5q LaTeX2e package for verbatim enhancements
\every@verbatim=\toks15
\verbatim@line=\toks16
\verbatim@in@stream=\read1
)
(/usr/share/texmf-dist/tex/latex/readarray/readarray.sty
Package: readarray 2016/11/07\ 2.0\ Routines for inputting 2D and 3D array data
 and recalling it on an element-by-element basis.

(/usr/share/texmf-dist/tex/latex/base/ifthen.sty
Package: ifthen 2014/09/29 v1.1c Standard LaTeX ifthen package (DPC)
)
(/usr/share/texmf-dist/tex/generic/listofitems/listofitems.sty
(/usr/share/texmf-dist/tex/generic/listofitems/listofitems.tex
\loi_cnt_foreach_nest=\count88
\loi_nestcnt=\count89
)
Package: listofitems 2018/11/01 v1.6 Grab items in lists using user-specified s
ep char (CT)
)
\c@@index=\count90
\c@@plane=\count91
\c@@row=\count92
\c@@col=\count93
\c@use@args=\count94
\c@@record=\count95
\c@arg@index=\count96
\c@break@count=\count97
\c@index@count=\count98
\c@loop@count=\count99
\Arg@toks=\toks17
\@arrayident@toks=\toks18
\rdar@file=\read2

readarray: bounds checking OFF
)
\savedverbbox=\box27
\c@VerbboxLineNo=\count100
\boxtopsep=\dimen105
\boxbottomsep=\dimen106
\ps@tempdima=\dimen107
\ps@tempboxa=\box28
\boxtop@sep=\skip43
\boxbottom@sep=\skip44
) (/usr/share/texmf-dist/tex/latex/tocbibind/tocbibind.sty
Package: tocbibind 2010/10/13 v1.5k extra ToC listings
Package tocbibind Info: The document has section divisions on input line 50.


Package tocbibind Note: Using section or other style headings.

) (/usr/share/texmf-dist/tex/latex/braket/braket.sty)
(/usr/share/texmf-dist/tex/latex/amsmath/amsmath.sty
Package: amsmath 2018/12/01 v2.17b AMS math features
\@mathmargin=\skip45

For additional information on amsmath, use the `?' option.
(/usr/share/texmf-dist/tex/latex/amsmath/amstext.sty
Package: amstext 2000/06/29 v2.01 AMS text

(/usr/share/texmf-dist/tex/latex/amsmath/amsgen.sty
File: amsgen.sty 1999/11/30 v2.0 generic functions
\@emptytoks=\toks19
\ex@=\dimen108
))
(/usr/share/texmf-dist/tex/latex/amsmath/amsbsy.sty
Package: amsbsy 1999/11/29 v1.2d Bold Symbols
\pmbraise@=\dimen109
)
(/usr/share/texmf-dist/tex/latex/amsmath/amsopn.sty
Package: amsopn 2016/03/08 v2.02 operator names
)
\inf@bad=\count101
LaTeX Info: Redefining \frac on input line 223.
\uproot@=\count102
\leftroot@=\count103
LaTeX Info: Redefining \overline on input line 385.
\classnum@=\count104
\DOTSCASE@=\count105
LaTeX Info: Redefining \ldots on input line 482.
LaTeX Info: Redefining \dots on input line 485.
LaTeX Info: Redefining \cdots on input line 606.
\Mathstrutbox@=\box29
\strutbox@=\box30
\big@size=\dimen110
LaTeX Font Info:    Redeclaring font encoding OML on input line 729.
LaTeX Font Info:    Redeclaring font encoding OMS on input line 730.
\macc@depth=\count106
\c@MaxMatrixCols=\count107
\dotsspace@=\muskip10
\c@parentequation=\count108
\dspbrk@lvl=\count109
\tag@help=\toks20
\row@=\count110
\column@=\count111
\maxfields@=\count112
\andhelp@=\toks21
\eqnshift@=\dimen111
\alignsep@=\dimen112
\tagshift@=\dimen113
\tagwidth@=\dimen114
\totwidth@=\dimen115
\lineht@=\dimen116
\@envbody=\toks22
\multlinegap=\skip46
\multlinetaggap=\skip47
\mathdisplay@stack=\toks23
LaTeX Info: Redefining \[ on input line 2844.
LaTeX Info: Redefining \] on input line 2845.
)
(/usr/share/texmf-dist/tex/latex/amsfonts/amssymb.sty
Package: amssymb 2013/01/14 v3.01 AMS font symbols

(/usr/share/texmf-dist/tex/latex/amsfonts/amsfonts.sty
Package: amsfonts 2013/01/14 v3.01 Basic AMSFonts support
\symAMSa=\mathgroup4
\symAMSb=\mathgroup5
LaTeX Font Info:    Overwriting math alphabet `\mathfrak' in version `bold'
(Font)                  U/euf/m/n --> U/euf/b/n on input line 106.
))
(/usr/share/texmf-dist/tex/latex/wrapfig/wrapfig.sty
\wrapoverhang=\dimen117
\WF@size=\dimen118
\c@WF@wrappedlines=\count113
\WF@box=\box31
\WF@everypar=\toks24
Package: wrapfig 2003/01/31  v 3.6
)
(/usr/share/texmf-dist/tex/latex/geometry/geometry.sty
Package: geometry 2018/04/16 v5.8 Page Geometry

(/usr/share/texmf-dist/tex/generic/oberdiek/ifpdf.sty
Package: ifpdf 2018/09/07 v3.3 Provides the ifpdf switch
)
(/usr/share/texmf-dist/tex/generic/oberdiek/ifvtex.sty
Package: ifvtex 2016/05/16 v1.6 Detect VTeX and its facilities (HO)
Package ifvtex Info: VTeX not detected.
)
(/usr/share/texmf-dist/tex/generic/ifxetex/ifxetex.sty
Package: ifxetex 2010/09/12 v0.6 Provides ifxetex conditional
)
\Gm@cnth=\count114
\Gm@cntv=\count115
\c@Gm@tempcnt=\count116
\Gm@bindingoffset=\dimen119
\Gm@wd@mp=\dimen120
\Gm@odd@mp=\dimen121
\Gm@even@mp=\dimen122
\Gm@layoutwidth=\dimen123
\Gm@layoutheight=\dimen124
\Gm@layouthoffset=\dimen125
\Gm@layoutvoffset=\dimen126
\Gm@dimlist=\toks25
)
(/usr/share/texmf-dist/tex/latex/fancyhdr/fancyhdr.sty
Package: fancyhdr 2019/01/31 v3.10 Extensive control of page headers and footer
s
\f@nch@headwidth=\skip48
\f@nch@O@elh=\skip49
\f@nch@O@erh=\skip50
\f@nch@O@olh=\skip51
\f@nch@O@orh=\skip52
\f@nch@O@elf=\skip53
\f@nch@O@erf=\skip54
\f@nch@O@olf=\skip55
\f@nch@O@orf=\skip56
)
(/usr/share/texmf-dist/tex/latex/datetime/datetime.sty
Package: datetime 2015/03/20 v2.60 Date Time Package

(/usr/share/texmf-dist/tex/latex/etoolbox/etoolbox.sty
Package: etoolbox 2018/08/19 v2.5f e-TeX tools for LaTeX (JAW)
\etb@tempcnta=\count117
)
(/usr/share/texmf-dist/tex/latex/fmtcount/fmtcount.sty
Package: fmtcount 2017/12/24 v3.05

(/usr/share/texmf-dist/tex/latex/xkeyval/xkeyval.sty
Package: xkeyval 2014/12/03 v2.7a package option processing (HA)

(/usr/share/texmf-dist/tex/generic/xkeyval/xkeyval.tex
(/usr/share/texmf-dist/tex/generic/xkeyval/xkvutils.tex
\XKV@toks=\toks26
\XKV@tempa@toks=\toks27
)
\XKV@depth=\count118
File: xkeyval.tex 2014/12/03 v2.7a key=value parser (HA)
))
(/usr/share/texmf-dist/tex/latex/fmtcount/fcprefix.sty
Package: fcprefix 2012/09/28

(/usr/share/texmf-dist/tex/latex/fmtcount/fcnumparser.sty
Package: fcnumparser 2017/06/15
\fc@digit@counter=\count119
))
\c@padzeroesN=\count120
\fc@tmpcatcode=\count121
\@DT@modctr=\count122
\@ordinalctr=\count123
\@orgargctr=\count124
\@strctr=\count125
\@tmpstrctr=\count126
\@DT@loopN=\count127
\@DT@X=\count128
)
(/usr/share/texmf-dist/tex/latex/datetime/datetime-defaults.sty
Package: datetime-defaults 2013/09/10
)
\@day=\count129
\@month=\count130
\@year=\count131
\c@HOUR=\count132
\c@HOURXII=\count133
\c@MINUTE=\count134
\c@TOHOUR=\count135
\c@TOMINUTE=\count136
\c@SECOND=\count137
\currenthour=\count138
\currentminute=\count139
\currentsecond=\count140
Package datetime Info: No datetime.cfg file found, using default settings on in
put line 308.
\@dtctr=\count141
\dayofyear=\count142
\dayofweek=\count143
LaTeX Info: Redefining \today on input line 736.
\dt@a=\toks28
\dt@b=\toks29
)
(/usr/share/texmf-dist/tex/latex/float/float.sty
Package: float 2001/11/08 v1.3d Float enhancements (AL)
\c@float@type=\count144
\float@exts=\toks30
\float@box=\box32
\@float@everytoks=\toks31
\@floatcapt=\box33
)
(/usr/share/texmf-dist/tex/latex/pgf/frontendlayer/tikz.sty
(/usr/share/texmf-dist/tex/latex/pgf/basiclayer/pgf.sty
(/usr/share/texmf-dist/tex/latex/pgf/utilities/pgfrcs.sty
(/usr/share/texmf-dist/tex/generic/pgf/utilities/pgfutil-common.tex
\pgfutil@everybye=\toks32
\pgfutil@tempdima=\dimen127
\pgfutil@tempdimb=\dimen128

(/usr/share/texmf-dist/tex/generic/pgf/utilities/pgfutil-common-lists.tex))
(/usr/share/texmf-dist/tex/generic/pgf/utilities/pgfutil-latex.def
\pgfutil@abb=\box34

(/usr/share/texmf-dist/tex/latex/ms/everyshi.sty
Package: everyshi 2001/05/15 v3.00 EveryShipout Package (MS)
))
(/usr/share/texmf-dist/tex/generic/pgf/utilities/pgfrcs.code.tex
(/usr/share/texmf-dist/tex/generic/pgf/pgf.revision.tex)
Package: pgfrcs 2019/02/02 v3.1.1 (3.1.1)
))
Package: pgf 2019/02/02 v3.1.1 (3.1.1)

(/usr/share/texmf-dist/tex/latex/pgf/basiclayer/pgfcore.sty
(/usr/share/texmf-dist/tex/latex/pgf/systemlayer/pgfsys.sty
(/usr/share/texmf-dist/tex/generic/pgf/systemlayer/pgfsys.code.tex
Package: pgfsys 2019/02/02 v3.1.1 (3.1.1)

(/usr/share/texmf-dist/tex/generic/pgf/utilities/pgfkeys.code.tex
\pgfkeys@pathtoks=\toks33
\pgfkeys@temptoks=\toks34

(/usr/share/texmf-dist/tex/generic/pgf/utilities/pgfkeysfiltered.code.tex
\pgfkeys@tmptoks=\toks35
))
\pgf@x=\dimen129
\pgf@y=\dimen130
\pgf@xa=\dimen131
\pgf@ya=\dimen132
\pgf@xb=\dimen133
\pgf@yb=\dimen134
\pgf@xc=\dimen135
\pgf@yc=\dimen136
\w@pgf@writea=\write3
\r@pgf@reada=\read3
\c@pgf@counta=\count145
\c@pgf@countb=\count146
\c@pgf@countc=\count147
\c@pgf@countd=\count148
\t@pgf@toka=\toks36
\t@pgf@tokb=\toks37
\t@pgf@tokc=\toks38
\pgf@sys@id@count=\count149

(/usr/share/texmf-dist/tex/generic/pgf/systemlayer/pgf.cfg
File: pgf.cfg 2019/02/02 v3.1.1 (3.1.1)
)
Driver file for pgf: pgfsys-pdftex.def

(/usr/share/texmf-dist/tex/generic/pgf/systemlayer/pgfsys-pdftex.def
File: pgfsys-pdftex.def 2019/02/02 v3.1.1 (3.1.1)

(/usr/share/texmf-dist/tex/generic/pgf/systemlayer/pgfsys-common-pdf.def
File: pgfsys-common-pdf.def 2019/02/02 v3.1.1 (3.1.1)
)))
(/usr/share/texmf-dist/tex/generic/pgf/systemlayer/pgfsyssoftpath.code.tex
File: pgfsyssoftpath.code.tex 2019/02/02 v3.1.1 (3.1.1)
\pgfsyssoftpath@smallbuffer@items=\count150
\pgfsyssoftpath@bigbuffer@items=\count151
)
(/usr/share/texmf-dist/tex/generic/pgf/systemlayer/pgfsysprotocol.code.tex
File: pgfsysprotocol.code.tex 2019/02/02 v3.1.1 (3.1.1)
))
(/usr/share/texmf-dist/tex/latex/xcolor/xcolor.sty
Package: xcolor 2016/05/11 v2.12 LaTeX color extensions (UK)

(/usr/share/texmf-dist/tex/latex/graphics-cfg/color.cfg
File: color.cfg 2016/01/02 v1.6 sample color configuration
)
Package xcolor Info: Driver file: pdftex.def on input line 225.
Package xcolor Info: Model `cmy' substituted by `cmy0' on input line 1348.
Package xcolor Info: Model `hsb' substituted by `rgb' on input line 1352.
Package xcolor Info: Model `RGB' extended on input line 1364.
Package xcolor Info: Model `HTML' substituted by `rgb' on input line 1366.
Package xcolor Info: Model `Hsb' substituted by `hsb' on input line 1367.
Package xcolor Info: Model `tHsb' substituted by `hsb' on input line 1368.
Package xcolor Info: Model `HSB' substituted by `hsb' on input line 1369.
Package xcolor Info: Model `Gray' substituted by `gray' on input line 1370.
Package xcolor Info: Model `wave' substituted by `hsb' on input line 1371.
)
(/usr/share/texmf-dist/tex/generic/pgf/basiclayer/pgfcore.code.tex
Package: pgfcore 2019/02/02 v3.1.1 (3.1.1)

(/usr/share/texmf-dist/tex/generic/pgf/math/pgfmath.code.tex
(/usr/share/texmf-dist/tex/generic/pgf/math/pgfmathcalc.code.tex
(/usr/share/texmf-dist/tex/generic/pgf/math/pgfmathutil.code.tex)
(/usr/share/texmf-dist/tex/generic/pgf/math/pgfmathparser.code.tex
\pgfmath@dimen=\dimen137
\pgfmath@count=\count152
\pgfmath@box=\box35
\pgfmath@toks=\toks39
\pgfmath@stack@operand=\toks40
\pgfmath@stack@operation=\toks41
)
(/usr/share/texmf-dist/tex/generic/pgf/math/pgfmathfunctions.code.tex
(/usr/share/texmf-dist/tex/generic/pgf/math/pgfmathfunctions.basic.code.tex)
(/usr/share/texmf-dist/tex/generic/pgf/math/pgfmathfunctions.trigonometric.code
.tex)
(/usr/share/texmf-dist/tex/generic/pgf/math/pgfmathfunctions.random.code.tex)
(/usr/share/texmf-dist/tex/generic/pgf/math/pgfmathfunctions.comparison.code.te
x) (/usr/share/texmf-dist/tex/generic/pgf/math/pgfmathfunctions.base.code.tex)
(/usr/share/texmf-dist/tex/generic/pgf/math/pgfmathfunctions.round.code.tex)
(/usr/share/texmf-dist/tex/generic/pgf/math/pgfmathfunctions.misc.code.tex)
(/usr/share/texmf-dist/tex/generic/pgf/math/pgfmathfunctions.integerarithmetics
.code.tex))) (/usr/share/texmf-dist/tex/generic/pgf/math/pgfmathfloat.code.tex
\c@pgfmathroundto@lastzeros=\count153
)) (/usr/share/texmf-dist/tex/generic/pgf/basiclayer/pgfcorepoints.code.tex
File: pgfcorepoints.code.tex 2019/02/02 v3.1.1 (3.1.1)
\pgf@picminx=\dimen138
\pgf@picmaxx=\dimen139
\pgf@picminy=\dimen140
\pgf@picmaxy=\dimen141
\pgf@pathminx=\dimen142
\pgf@pathmaxx=\dimen143
\pgf@pathminy=\dimen144
\pgf@pathmaxy=\dimen145
\pgf@xx=\dimen146
\pgf@xy=\dimen147
\pgf@yx=\dimen148
\pgf@yy=\dimen149
\pgf@zx=\dimen150
\pgf@zy=\dimen151
)
(/usr/share/texmf-dist/tex/generic/pgf/basiclayer/pgfcorepathconstruct.code.tex
File: pgfcorepathconstruct.code.tex 2019/02/02 v3.1.1 (3.1.1)
\pgf@path@lastx=\dimen152
\pgf@path@lasty=\dimen153
) (/usr/share/texmf-dist/tex/generic/pgf/basiclayer/pgfcorepathusage.code.tex
File: pgfcorepathusage.code.tex 2019/02/02 v3.1.1 (3.1.1)
\pgf@shorten@end@additional=\dimen154
\pgf@shorten@start@additional=\dimen155
)
(/usr/share/texmf-dist/tex/generic/pgf/basiclayer/pgfcorescopes.code.tex
File: pgfcorescopes.code.tex 2019/02/02 v3.1.1 (3.1.1)
\pgfpic=\box36
\pgf@hbox=\box37
\pgf@layerbox@main=\box38
\pgf@picture@serial@count=\count154
)
(/usr/share/texmf-dist/tex/generic/pgf/basiclayer/pgfcoregraphicstate.code.tex
File: pgfcoregraphicstate.code.tex 2019/02/02 v3.1.1 (3.1.1)
\pgflinewidth=\dimen156
)
(/usr/share/texmf-dist/tex/generic/pgf/basiclayer/pgfcoretransformations.code.t
ex
File: pgfcoretransformations.code.tex 2019/02/02 v3.1.1 (3.1.1)
\pgf@pt@x=\dimen157
\pgf@pt@y=\dimen158
\pgf@pt@temp=\dimen159
) (/usr/share/texmf-dist/tex/generic/pgf/basiclayer/pgfcorequick.code.tex
File: pgfcorequick.code.tex 2019/02/02 v3.1.1 (3.1.1)
)
(/usr/share/texmf-dist/tex/generic/pgf/basiclayer/pgfcoreobjects.code.tex
File: pgfcoreobjects.code.tex 2019/02/02 v3.1.1 (3.1.1)
)
(/usr/share/texmf-dist/tex/generic/pgf/basiclayer/pgfcorepathprocessing.code.te
x
File: pgfcorepathprocessing.code.tex 2019/02/02 v3.1.1 (3.1.1)
) (/usr/share/texmf-dist/tex/generic/pgf/basiclayer/pgfcorearrows.code.tex
File: pgfcorearrows.code.tex 2019/02/02 v3.1.1 (3.1.1)
\pgfarrowsep=\dimen160
)
(/usr/share/texmf-dist/tex/generic/pgf/basiclayer/pgfcoreshade.code.tex
File: pgfcoreshade.code.tex 2019/02/02 v3.1.1 (3.1.1)
\pgf@max=\dimen161
\pgf@sys@shading@range@num=\count155
)
(/usr/share/texmf-dist/tex/generic/pgf/basiclayer/pgfcoreimage.code.tex
File: pgfcoreimage.code.tex 2019/02/02 v3.1.1 (3.1.1)

(/usr/share/texmf-dist/tex/generic/pgf/basiclayer/pgfcoreexternal.code.tex
File: pgfcoreexternal.code.tex 2019/02/02 v3.1.1 (3.1.1)
\pgfexternal@startupbox=\box39
))
(/usr/share/texmf-dist/tex/generic/pgf/basiclayer/pgfcorelayers.code.tex
File: pgfcorelayers.code.tex 2019/02/02 v3.1.1 (3.1.1)
)
(/usr/share/texmf-dist/tex/generic/pgf/basiclayer/pgfcoretransparency.code.tex
File: pgfcoretransparency.code.tex 2019/02/02 v3.1.1 (3.1.1)
) (/usr/share/texmf-dist/tex/generic/pgf/basiclayer/pgfcorepatterns.code.tex
File: pgfcorepatterns.code.tex 2019/02/02 v3.1.1 (3.1.1)
)
(/usr/share/texmf-dist/tex/generic/pgf/basiclayer/pgfcorerdf.code.tex
File: pgfcorerdf.code.tex 2019/02/02 v3.1.1 (3.1.1)
)))
(/usr/share/texmf-dist/tex/generic/pgf/modules/pgfmoduleshapes.code.tex
File: pgfmoduleshapes.code.tex 2019/02/02 v3.1.1 (3.1.1)
\pgfnodeparttextbox=\box40
)
(/usr/share/texmf-dist/tex/generic/pgf/modules/pgfmoduleplot.code.tex
File: pgfmoduleplot.code.tex 2019/02/02 v3.1.1 (3.1.1)
)
(/usr/share/texmf-dist/tex/latex/pgf/compatibility/pgfcomp-version-0-65.sty
Package: pgfcomp-version-0-65 2019/02/02 v3.1.1 (3.1.1)
\pgf@nodesepstart=\dimen162
\pgf@nodesepend=\dimen163
)
(/usr/share/texmf-dist/tex/latex/pgf/compatibility/pgfcomp-version-1-18.sty
Package: pgfcomp-version-1-18 2019/02/02 v3.1.1 (3.1.1)
))
(/usr/share/texmf-dist/tex/latex/pgf/utilities/pgffor.sty
(/usr/share/texmf-dist/tex/latex/pgf/utilities/pgfkeys.sty
(/usr/share/texmf-dist/tex/generic/pgf/utilities/pgfkeys.code.tex))
(/usr/share/texmf-dist/tex/latex/pgf/math/pgfmath.sty
(/usr/share/texmf-dist/tex/generic/pgf/math/pgfmath.code.tex))
(/usr/share/texmf-dist/tex/generic/pgf/utilities/pgffor.code.tex
Package: pgffor 2019/02/02 v3.1.1 (3.1.1)

(/usr/share/texmf-dist/tex/generic/pgf/math/pgfmath.code.tex)
\pgffor@iter=\dimen164
\pgffor@skip=\dimen165
\pgffor@stack=\toks42
\pgffor@toks=\toks43
))
(/usr/share/texmf-dist/tex/generic/pgf/frontendlayer/tikz/tikz.code.tex
Package: tikz 2019/02/02 v3.1.1 (3.1.1)

(/usr/share/texmf-dist/tex/generic/pgf/libraries/pgflibraryplothandlers.code.te
x
File: pgflibraryplothandlers.code.tex 2019/02/02 v3.1.1 (3.1.1)
\pgf@plot@mark@count=\count156
\pgfplotmarksize=\dimen166
)
\tikz@lastx=\dimen167
\tikz@lasty=\dimen168
\tikz@lastxsaved=\dimen169
\tikz@lastysaved=\dimen170
\tikzleveldistance=\dimen171
\tikzsiblingdistance=\dimen172
\tikz@figbox=\box41
\tikz@figbox@bg=\box42
\tikz@tempbox=\box43
\tikz@tempbox@bg=\box44
\tikztreelevel=\count157
\tikznumberofchildren=\count158
\tikznumberofcurrentchild=\count159
\tikz@fig@count=\count160
 (/usr/share/texmf-dist/tex/generic/pgf/modules/pgfmodulematrix.code.tex
File: pgfmodulematrix.code.tex 2019/02/02 v3.1.1 (3.1.1)
\pgfmatrixcurrentrow=\count161
\pgfmatrixcurrentcolumn=\count162
\pgf@matrix@numberofcolumns=\count163
)
\tikz@expandcount=\count164

(/usr/share/texmf-dist/tex/generic/pgf/frontendlayer/tikz/libraries/tikzlibrary
topaths.code.tex
File: tikzlibrarytopaths.code.tex 2019/02/02 v3.1.1 (3.1.1)
))) (/usr/share/texmf-dist/tex/latex/caption/subcaption.sty
Package: subcaption 2018/05/01 v1.1-162 Sub-captions (AR)

(/usr/share/texmf-dist/tex/latex/caption/caption.sty
Package: caption 2018/10/06 v3.3-154 Customizing captions (AR)

(/usr/share/texmf-dist/tex/latex/caption/caption3.sty
Package: caption3 2018/09/12 v1.8c caption3 kernel (AR)
Package caption3 Info: TeX engine: e-TeX on input line 64.
\captionmargin=\dimen173
\captionmargin@=\dimen174
\captionwidth=\dimen175
\caption@tempdima=\dimen176
\caption@indent=\dimen177
\caption@parindent=\dimen178
\caption@hangindent=\dimen179
)
\c@caption@flags=\count165
\c@ContinuedFloat=\count166
Package caption Info: float package is loaded.
Package caption Info: wrapfig package is loaded.
)
\c@subfigure=\count167
\c@subtable=\count168
)
(/usr/share/texmf-dist/tex/latex/hyperref/hyperref.sty
Package: hyperref 2018/11/30 v6.88e Hypertext links for LaTeX

(/usr/share/texmf-dist/tex/generic/oberdiek/hobsub-hyperref.sty
Package: hobsub-hyperref 2016/05/16 v1.14 Bundle oberdiek, subset hyperref (HO)


(/usr/share/texmf-dist/tex/generic/oberdiek/hobsub-generic.sty
Package: hobsub-generic 2016/05/16 v1.14 Bundle oberdiek, subset generic (HO)
Package: hobsub 2016/05/16 v1.14 Construct package bundles (HO)
Package: infwarerr 2016/05/16 v1.4 Providing info/warning/error messages (HO)
Package: ltxcmds 2016/05/16 v1.23 LaTeX kernel commands for general use (HO)
Package: ifluatex 2016/05/16 v1.4 Provides the ifluatex switch (HO)
Package ifluatex Info: LuaTeX not detected.
Package hobsub Info: Skipping package `ifvtex' (already loaded).
Package: intcalc 2016/05/16 v1.2 Expandable calculations with integers (HO)
Package hobsub Info: Skipping package `ifpdf' (already loaded).
Package: etexcmds 2016/05/16 v1.6 Avoid name clashes with e-TeX commands (HO)
Package etexcmds Info: Could not find \expanded.
(etexcmds)             That can mean that you are not using pdfTeX 1.50 or
(etexcmds)             that some package has redefined \expanded.
(etexcmds)             In the latter case, load this package earlier.
Package: kvsetkeys 2016/05/16 v1.17 Key value parser (HO)
Package: kvdefinekeys 2016/05/16 v1.4 Define keys (HO)
Package: pdftexcmds 2018/09/10 v0.29 Utility functions of pdfTeX for LuaTeX (HO
)
Package pdftexcmds Info: LuaTeX not detected.
Package pdftexcmds Info: \pdf@primitive is available.
Package pdftexcmds Info: \pdf@ifprimitive is available.
Package pdftexcmds Info: \pdfdraftmode found.
Package: pdfescape 2016/05/16 v1.14 Implements pdfTeX's escape features (HO)
Package: bigintcalc 2016/05/16 v1.4 Expandable calculations on big integers (HO
)
Package: bitset 2016/05/16 v1.2 Handle bit-vector datatype (HO)
Package: uniquecounter 2016/05/16 v1.3 Provide unlimited unique counter (HO)
)
Package hobsub Info: Skipping package `hobsub' (already loaded).
Package: letltxmacro 2016/05/16 v1.5 Let assignment for LaTeX macros (HO)
Package: hopatch 2016/05/16 v1.3 Wrapper for package hooks (HO)
Package: xcolor-patch 2016/05/16 xcolor patch
Package: atveryend 2016/05/16 v1.9 Hooks at the very end of document (HO)
Package: atbegshi 2016/06/09 v1.18 At begin shipout hook (HO)
Package: refcount 2016/05/16 v3.5 Data extraction from label references (HO)
Package: hycolor 2016/05/16 v1.8 Color options for hyperref/bookmark (HO)
)
(/usr/share/texmf-dist/tex/latex/oberdiek/auxhook.sty
Package: auxhook 2016/05/16 v1.4 Hooks for auxiliary files (HO)
)
(/usr/share/texmf-dist/tex/latex/oberdiek/kvoptions.sty
Package: kvoptions 2016/05/16 v3.12 Key value format for package options (HO)
)
\@linkdim=\dimen180
\Hy@linkcounter=\count169
\Hy@pagecounter=\count170

(/usr/share/texmf-dist/tex/latex/hyperref/pd1enc.def
File: pd1enc.def 2018/11/30 v6.88e Hyperref: PDFDocEncoding definition (HO)
Now handling font encoding PD1 ...
... no UTF-8 mapping file for font encoding PD1
)
\Hy@SavedSpaceFactor=\count171

(/usr/share/texmf-dist/tex/latex/latexconfig/hyperref.cfg
File: hyperref.cfg 2002/06/06 v1.2 hyperref configuration of TeXLive
)
Package hyperref Info: Hyper figures OFF on input line 4519.
Package hyperref Info: Link nesting OFF on input line 4524.
Package hyperref Info: Hyper index ON on input line 4527.
Package hyperref Info: Plain pages OFF on input line 4534.
Package hyperref Info: Backreferencing OFF on input line 4539.
Package hyperref Info: Implicit mode ON; LaTeX internals redefined.
Package hyperref Info: Bookmarks ON on input line 4772.
\c@Hy@tempcnt=\count172

(/usr/share/texmf-dist/tex/latex/url/url.sty
\Urlmuskip=\muskip11
Package: url 2013/09/16  ver 3.4  Verb mode for urls, etc.
)
LaTeX Info: Redefining \url on input line 5125.
\XeTeXLinkMargin=\dimen181
\Fld@menulength=\count173
\Field@Width=\dimen182
\Fld@charsize=\dimen183
Package hyperref Info: Hyper figures OFF on input line 6380.
Package hyperref Info: Link nesting OFF on input line 6385.
Package hyperref Info: Hyper index ON on input line 6388.
Package hyperref Info: backreferencing OFF on input line 6395.
Package hyperref Info: Link coloring OFF on input line 6400.
Package hyperref Info: Link coloring with OCG OFF on input line 6405.
Package hyperref Info: PDF/A mode OFF on input line 6410.
LaTeX Info: Redefining \ref on input line 6450.
LaTeX Info: Redefining \pageref on input line 6454.
\Hy@abspage=\count174
\c@Item=\count175
\c@Hfootnote=\count176
)
Package hyperref Info: Driver (autodetected): hpdftex.

(/usr/share/texmf-dist/tex/latex/hyperref/hpdftex.def
File: hpdftex.def 2018/11/30 v6.88e Hyperref driver for pdfTeX
\Fld@listcount=\count177
\c@bookmark@seq@number=\count178

(/usr/share/texmf-dist/tex/latex/oberdiek/rerunfilecheck.sty
Package: rerunfilecheck 2016/05/16 v1.8 Rerun checks for auxiliary files (HO)
Package uniquecounter Info: New unique counter `rerunfilecheck' on input line 2
82.
)
\Hy@SectionHShift=\skip57
)
Package hyperref Info: Option `colorlinks' set `true' on input line 20.
 (./diss.aux)
\openout1 = `diss.aux'.

LaTeX Font Info:    Checking defaults for OML/cmm/m/it on input line 28.
LaTeX Font Info:    ... okay on input line 28.
LaTeX Font Info:    Checking defaults for T1/cmr/m/n on input line 28.
LaTeX Font Info:    ... okay on input line 28.
LaTeX Font Info:    Checking defaults for OT1/cmr/m/n on input line 28.
LaTeX Font Info:    ... okay on input line 28.
LaTeX Font Info:    Checking defaults for OMS/cmsy/m/n on input line 28.
LaTeX Font Info:    ... okay on input line 28.
LaTeX Font Info:    Checking defaults for OMX/cmex/m/n on input line 28.
LaTeX Font Info:    ... okay on input line 28.
LaTeX Font Info:    Checking defaults for U/cmr/m/n on input line 28.
LaTeX Font Info:    ... okay on input line 28.
LaTeX Font Info:    Checking defaults for PD1/pdf/m/n on input line 28.
LaTeX Font Info:    ... okay on input line 28.

(/usr/share/texmf-dist/tex/context/base/mkii/supp-pdf.mkii
[Loading MPS to PDF converter (version 2006.09.02).]
\scratchcounter=\count179
\scratchdimen=\dimen184
\scratchbox=\box45
\nofMPsegments=\count180
\nofMParguments=\count181
\everyMPshowfont=\toks44
\MPscratchCnt=\count182
\MPscratchDim=\dimen185
\MPnumerator=\count183
\makeMPintoPDFobject=\count184
\everyMPtoPDFconversion=\toks45
) (/usr/share/texmf-dist/tex/latex/oberdiek/epstopdf-base.sty
Package: epstopdf-base 2016/05/15 v2.6 Base part for package epstopdf

(/usr/share/texmf-dist/tex/latex/oberdiek/grfext.sty
Package: grfext 2016/05/16 v1.2 Manage graphics extensions (HO)
)
Package epstopdf-base Info: Redefining graphics rule for `.eps' on input line 4
38.
Package grfext Info: Graphics extension search list:
(grfext)             [.pdf,.png,.jpg,.mps,.jpeg,.jbig2,.jb2,.PDF,.PNG,.JPG,.JPE
G,.JBIG2,.JB2,.eps]
(grfext)             \AppendGraphicsExtensions on input line 456.

(/usr/share/texmf-dist/tex/latex/latexconfig/epstopdf-sys.cfg
File: epstopdf-sys.cfg 2010/07/13 v1.3 Configuration of (r)epstopdf for TeX Liv
e
))
*geometry* driver: auto-detecting
*geometry* detected driver: pdftex
*geometry* verbose mode - [ preamble ] result:
* driver: pdftex
* paper: a4paper
* layout: <same size as paper>
* layoutoffset:(h,v)=(0.0pt,0.0pt)
* modes: twoside 
* h-part:(L,W,R)=(72.26999pt, 452.9679pt, 72.26999pt)
* v-part:(T,H,B)=(101.40665pt, 591.5302pt, 152.11pt)
* \paperwidth=597.50787pt
* \paperheight=845.04684pt
* \textwidth=452.9679pt
* \textheight=591.5302pt
* \oddsidemargin=0.0pt
* \evensidemargin=0.0pt
* \topmargin=-7.86334pt
* \headheight=12.0pt
* \headsep=25.0pt
* \topskip=10.0pt
* \footskip=30.0pt
* \marginparwidth=111.0pt
* \marginparsep=11.0pt
* \columnsep=10.0pt
* \skip\footins=9.0pt plus 4.0pt minus 2.0pt
* \hoffset=0.0pt
* \voffset=0.0pt
* \mag=1000
* \@twocolumnfalse
* \@twosidetrue
* \@mparswitchtrue
* \@reversemarginfalse
* (1in=72.27pt=25.4mm, 1cm=28.453pt)

(/usr/share/texmf-dist/tex/latex/fmtcount/fc-english.def
File: fc-english.def 2016/01/12
)
ABD: EveryShipout initializing macros
Package caption Info: Begin \AtBeginDocument code.
Package caption Info: hyperref package is loaded.
Package caption Info: End \AtBeginDocument code.
\AtBeginShipoutBox=\box46
Package hyperref Info: Link coloring ON on input line 28.

(/usr/share/texmf-dist/tex/latex/hyperref/nameref.sty
Package: nameref 2016/05/21 v2.44 Cross-referencing by name of section

(/usr/share/texmf-dist/tex/generic/oberdiek/gettitlestring.sty
Package: gettitlestring 2016/05/16 v1.5 Cleanup title references (HO)
)
\c@section@level=\count185
)
LaTeX Info: Redefining \ref on input line 28.
LaTeX Info: Redefining \pageref on input line 28.
LaTeX Info: Redefining \nameref on input line 28.
 (./diss.out)
(./diss.out)
\@outlinefile=\write4
\openout4 = `diss.out'.

<uonlogo.jpg, id=252, 306.14375pt x 208.78pt>
File: uonlogo.jpg Graphic file (type jpg)
<use uonlogo.jpg>
Package pdftex.def Info: uonlogo.jpg  used on input line 31.
(pdftex.def)             Requested size: 306.14299pt x 208.77946pt.
 [1

{/var/lib/texmf/fonts/map/pdftex/updmap/pdftex.map} <./uonlogo.jpg>] [2]
File: uonlogo.jpg Graphic file (type jpg)
<use uonlogo.jpg>
Package pdftex.def Info: uonlogo.jpg  used on input line 45.
(pdftex.def)             Requested size: 306.14299pt x 208.77946pt.
pdfTeX warning (ext4): destination with the same identifier (name{page.1}) has 
been already used, duplicate ignored
<to be read again> 
                   \relax 
l.64 \end{titlepage}
                     [1]pdfTeX warning (ext4): destination with the same identi
fier (name{page.2}) has been already used, duplicate ignored
<to be read again> 
                   \relax 
l.65 \shipout\null
                   [2]
LaTeX Font Info:    Try loading font information for U+msa on input line 69.
 (/usr/share/texmf-dist/tex/latex/amsfonts/umsa.fd
File: umsa.fd 2013/01/14 v3.01 AMS symbols A
)
LaTeX Font Info:    Try loading font information for U+msb on input line 69.

(/usr/share/texmf-dist/tex/latex/amsfonts/umsb.fd
File: umsb.fd 2013/01/14 v3.01 AMS symbols B
)pdfTeX warning (ext4): destination with the same identifier (name{page.2}) has
 been already used, duplicate ignored
<to be read again> 
                   \relax 
l.73 \newpage
              [2] (./diss.toc [3])
\tf@toc=\write5
\openout5 = `diss.toc'.

 [4]pdfTeX warning (ext4): destination with the same identifier (name{page.1}) 
has been already used, duplicate ignored
<to be read again> 
                   \relax 
l.99 ...t{2}}\ket{0} + \frac{1}{\sqrt{2}}\ket{1}$$
                                                   [1

]
<blochsphere.png, id=440, 256.96pt x 273.02pt>
File: blochsphere.png Graphic file (type png)
<use blochsphere.png>
Package pdftex.def Info: blochsphere.png  used on input line 129.
(pdftex.def)             Requested size: 113.24197pt x 120.3208pt.

Underfull \vbox (badness 3690) has occurred while \output is active []

pdfTeX warning (ext4): destination with the same identifier (name{page.2}) has 
been already used, duplicate ignored
<to be read again> 
                   \relax 
l.132 W
       e can calculate the angle $\theta$ using QIO's underlying structure a...
[2]pdfTeX warning (ext4): destination with the same identifier (name{page.3}) h
as been already used, duplicate ignored
<to be read again> 
                   \relax 
l.169     measQbit q
                     [3 <./blochsphere.png>]
<hadamard.png, id=455, 1927.2pt x 815.045pt>
File: hadamard.png Graphic file (type png)
<use hadamard.png>
Package pdftex.def Info: hadamard.png  used on input line 210.
(pdftex.def)             Requested size: 113.24197pt x 47.88078pt.
pdfTeX warning (ext4): destination with the same identifier (name{page.4}) has 
been already used, duplicate ignored
<to be read again> 
                   \relax 
l.212 \end{figure}
                   [4]
<not.png, id=461, 150.5625pt x 46.1725pt>
File: not.png Graphic file (type png)
<use not.png>
Package pdftex.def Info: not.png  used on input line 249.
(pdftex.def)             Requested size: 113.24197pt x 34.7286pt.
<paulix.png, id=462, 200.75pt x 92.345pt>
File: paulix.png Graphic file (type png)
<use paulix.png>
Package pdftex.def Info: paulix.png  used on input line 250.
(pdftex.def)             Requested size: 81.5309pt x 37.50519pt.
 [5 <./hadamard.png> <./not.png> <./paulix.png (PNG copy)>]
<swap.png, id=473, 150.5625pt x 94.3525pt>
File: swap.png Graphic file (type png)
<use swap.png>
Package pdftex.def Info: swap.png  used on input line 300.
(pdftex.def)             Requested size: 113.24197pt x 70.96718pt.
<cnot.png, id=474, 150.5625pt x 91.34125pt>
File: cnot.png Graphic file (type png)
<use cnot.png>
Package pdftex.def Info: cnot.png  used on input line 301.
(pdftex.def)             Requested size: 113.24197pt x 68.70227pt.
<toffoli.png, id=475, 150.5625pt x 129.48375pt>
File: toffoli.png Graphic file (type png)
<use toffoli.png>
Package pdftex.def Info: toffoli.png  used on input line 302.
(pdftex.def)             Requested size: 113.24197pt x 97.39113pt.
 [6 <./swap.png> <./cnot.png> <./toffoli.png>]
<cccnot.png, id=488, 456.70625pt x 565.11125pt>
File: cccnot.png Graphic file (type png)
<use cccnot.png>
Package pdftex.def Info: cccnot.png  used on input line 324.
(pdftex.def)             Requested size: 113.24197pt x 140.122pt.
 [7 <./cccnot.png (PNG copy)>]
[8] [9] [10] [11] [12]

LaTeX Warning: Characters dropped after `\end{verbatim}' on input line 477.

[13]

LaTeX Warning: Characters dropped after `\end{verbatim}' on input line 500.

[14]
<oracle0010.png, id=556, 896.34875pt x 597.23125pt>
File: oracle0010.png Graphic file (type png)
<use oracle0010.png>
Package pdftex.def Info: oracle0010.png  used on input line 560.
(pdftex.def)             Requested size: 113.24197pt x 75.44655pt.
 [15]
<oracle00102.png, id=564, 857.2025pt x 597.23125pt>
File: oracle00102.png Graphic file (type png)
<use oracle00102.png>
Package pdftex.def Info: oracle00102.png  used on input line 580.
(pdftex.def)             Requested size: 113.24197pt x 78.89127pt.
 [16 <./oracle0010.png (PNG copy)> <./oracle00102.png (PNG copy)>]
[17]
Overfull \hbox (21.08636pt too wide) detected at line 681
\OML/cmm/m/it/10 ^^R \OT1/cmr/m/n/10 + 2\OML/cmm/m/it/10 i^^R \OMS/cmsy/m/n/10 
^^Y \OML/cmm/m/it/10 ^^Y=\OT1/cmr/m/n/10 2  [] \OML/cmm/m/it/10 ^^R \OT1/cmr/m/
n/10 = 1\OML/cmm/m/it/10 =[]  \U/msa/m/n/10 ) \OML/cmm/m/it/10 ^^R \OMS/cmsy/m/
n/10 ^^Y \OT1/cmr/m/n/10 1\OML/cmm/m/it/10 =[]
 []

<grovers110V.png, id=578, 488.82625pt x 419.5675pt>
File: grovers110V.png Graphic file (type png)
<use grovers110V.png>
Package pdftex.def Info: grovers110V.png  used on input line 690.
(pdftex.def)             Requested size: 113.24197pt x 97.19632pt.
<grovers110W.png, id=579, 1040.88875pt x 413.545pt>
File: grovers110W.png Graphic file (type png)
<use grovers110W.png>
Package pdftex.def Info: grovers110W.png  used on input line 692.
(pdftex.def)             Requested size: 226.48395pt x 89.97685pt.
[18]
<grovers110.png, id=588, 1197.47375pt x 470.75874pt>
File: grovers110.png Graphic file (type png)
<use grovers110.png>
Package pdftex.def Info: grovers110.png  used on input line 697.
(pdftex.def)             Requested size: 226.48395pt x 89.03564pt.
 [19 <./grovers110V.png (PNG copy)> <./grovers110W.png (PNG copy)> <./grovers11
0.png (PNG copy)>] [20]
<groverImp.png, id=608, 2888.7925pt x 345.29pt>
File: groverImp.png Graphic file (type png)
<use groverImp.png>
Package pdftex.def Info: groverImp.png  used on input line 786.
(pdftex.def)             Requested size: 452.9679pt x 54.1411pt.
<groverFinal.png, id=609, 3171.85pt x 722.7pt>
File: groverFinal.png Graphic file (type png)
<use groverFinal.png>
Package pdftex.def Info: groverFinal.png  used on input line 798.
(pdftex.def)             Requested size: 452.9679pt x 103.20636pt.

Underfull \vbox (badness 10000) has occurred while \output is active []

 [21 <./groverImp.png (PNG copy)>] [22 <./groverFinal.png (PNG copy)>] [23] [24
] [25]
<qft.png, id=653, 1824.8175pt x 472.76625pt>
File: qft.png Graphic file (type png)
<use qft.png>
Package pdftex.def Info: qft.png  used on input line 938.
(pdftex.def)             Requested size: 362.37569pt x 93.88068pt.

[26]
<qft2.png, id=659, 1713.40125pt x 472.76625pt>
File: qft2.png Graphic file (type png)
<use qft2.png>
Package pdftex.def Info: qft2.png  used on input line 946.
(pdftex.def)             Requested size: 362.37569pt x 99.98358pt.
 [27 <./qft.png (PNG copy)> <./qft2.png (PNG copy)>] [28] [29] [30]
[31] [32] [33]
<drawbox1.png, id=715, 32.37094pt x 28.60687pt>
File: drawbox1.png Graphic file (type png)
<use drawbox1.png>
Package pdftex.def Info: drawbox1.png  used on input line 1141.
(pdftex.def)             Requested size: 45.29955pt x 40.03667pt.

Overfull \hbox (8.42102pt too wide) in paragraph at lines 1170--1170
[]                  \OT1/cmtt/m/n/10 drawBox (-1) (-1) b) $ zip [0..] buttons) 
++[] 
 []


Overfull \hbox (3.17107pt too wide) in paragraph at lines 1171--1171
[]              \OT1/cmtt/m/n/10 [ color black $ line [(-spacing/2, -spacing/2)
,[] 
 []


Overfull \hbox (24.17088pt too wide) in paragraph at lines 1172--1172
[]                                    \OT1/cmtt/m/n/10 (width-spacing, -spacing
/2)],[] 
 []


Overfull \hbox (13.67097pt too wide) in paragraph at lines 1173--1173
[]                \OT1/cmtt/m/n/10 color black $ line [(-spacing/2, -spacing/2-
1),[] 
 []


Overfull \hbox (34.67079pt too wide) in paragraph at lines 1174--1174
[]                                    \OT1/cmtt/m/n/10 (width-spacing, -spacing
/2-1)],[] 
 []


Overfull \hbox (3.17107pt too wide) in paragraph at lines 1175--1175
[]                \OT1/cmtt/m/n/10 color black $ line [(3*spacing/2, spacing/3)
,[] 
 []


Overfull \hbox (13.67097pt too wide) in paragraph at lines 1176--1176
[]                                    \OT1/cmtt/m/n/10 (3*spacing/2, -spacing/3
)],[] 
 []


Overfull \hbox (8.42102pt too wide) in paragraph at lines 1177--1177
[]                \OT1/cmtt/m/n/10 color black $ line [(13*spacing/2, spacing/3
),[] 
 []


Overfull \hbox (18.92093pt too wide) in paragraph at lines 1178--1178
[]                                    \OT1/cmtt/m/n/10 (13*spacing/2, -spacing/
3)]][] 
 []

<buttons1.png, id=716, 430.60875pt x 54.9553pt>
File: buttons1.png Graphic file (type png)
<use buttons1.png>
Package pdftex.def Info: buttons1.png  used on input line 1185.
(pdftex.def)             Requested size: 203.83417pt x 26.0143pt.
[34 <./drawbox1.png> <./buttons1.png (PNG copy)>]
<examplecircuit.png, id=724, 883.80188pt x 676.77844pt>
File: examplecircuit.png Graphic file (type png)
<use examplecircuit.png>
Package pdftex.def Info: examplecircuit.png  used on input line 1195.
(pdftex.def)             Requested size: 362.37569pt x 277.49129pt.
 [35 <./examplecircuit.png>]
<pickupgate.png, id=731, 772.38562pt x 237.88875pt>
File: pickupgate.png Graphic file (type png)
<use pickupgate.png>
Package pdftex.def Info: pickupgate.png  used on input line 1215.
(pdftex.def)             Requested size: 217.42265pt x 66.96411pt.

[36 <./pickupgate.png>]
LaTeX Font Info:    Try loading font information for OMS+cmtt on input line 123
2.
LaTeX Font Info:    No file OMScmtt.fd. on input line 1232.


LaTeX Font Warning: Font shape `OMS/cmtt/m/n' undefined
(Font)              using `OMS/cmsy/m/n' instead
(Font)              for symbol `textbackslash' on input line 1232.


Package wrapfig Warning: wrapfigure used inside a conflicting environment on in
put line 1244.

<editH.png, id=741, 773.89125pt x 240.9pt>
File: editH.png Graphic file (type png)
<use editH.png>
Package pdftex.def Info: editH.png  used on input line 1246.
(pdftex.def)             Requested size: 194.77287pt x 60.62918pt.
[37 <./editH.png>]
<rungrover.png, id=750, 883.80188pt x 676.77844pt>
File: rungrover.png Graphic file (type png)
<use rungrover.png>
Package pdftex.def Info: rungrover.png  used on input line 1268.
(pdftex.def)             Requested size: 362.37569pt x 277.49129pt.

Underfull \vbox (badness 4752) has occurred while \output is active []

 [38]
[39 <./rungrover.png>] (./diss.bbl
Underfull \hbox (badness 2376) in paragraph at lines 4--8
[]\OT1/cmr/m/n/10 Scott Aaron-son.  Lim-its on ef-fi-cient com-pu-ta-tion in th
e phys-i-cal world.  2005.
 []


Underfull \hbox (badness 5302) in paragraph at lines 21--23
[]\OT1/cmr/m/n/10 Changelog for base-4.11.0.0 | Hack-age.  http://hackage.haske
ll.org/package/base-
 []


Underfull \hbox (badness 1067) in paragraph at lines 25--29
[]\OT1/cmr/m/n/10 David Beck-man, Amalavoyal N. Chari, Srikr-ishna Dev-ab-hak-t
uni, and John Preskill.
 []


Underfull \hbox (badness 1292) in paragraph at lines 25--29
\OT1/cmr/m/n/10 Ef-fi-cient net-works for quan-tum fac-tor-ing.  \OT1/cmr/m/it/
10 Phys. Rev. A\OT1/cmr/m/n/10 , 54:1034--1063, Aug 1996.
 []


Underfull \hbox (badness 10000) in paragraph at lines 44--49
[]\OT1/cmr/m/n/10 David Deutsch and Richard Jozsa.  Rapid so-lu-tion of prob-le
ms by quan-
 []


Underfull \hbox (badness 10000) in paragraph at lines 44--49
\OT1/cmr/m/n/10 tum com-pu-ta-tion.  \OT1/cmr/m/it/10 Pro-ceed-ings of the Roya
l So-ci-ety of Lon-don. Se-
 []


Underfull \hbox (badness 10000) in paragraph at lines 44--49
\OT1/cmr/m/it/10 ries A: Math-e-mat-i-cal and Phys-i-cal Sci-ences\OT1/cmr/m/n/
10 , 439(1907):553--558, 1992.
 []


Underfull \hbox (badness 4752) in paragraph at lines 51--57
[]\OT1/cmr/m/n/10 David Deutsch and Roger Pen-rose.  Quan-tum the-ory, the chur
ch-turing prin-
 []


Underfull \hbox (badness 6842) in paragraph at lines 51--57
\OT1/cmr/m/n/10 ci-ple and the uni-ver-sal quan-tum com-puter.  \OT1/cmr/m/it/1
0 Pro-ceed-ings of the Royal So-ci-
 []


Underfull \hbox (badness 4981) in paragraph at lines 51--57
\OT1/cmr/m/it/10 ety of Lon-don. A. Math-e-mat-i-cal and Phys-i-cal Sci-ences\O
T1/cmr/m/n/10 , 400(1818):97--117, 1985.
 []


Underfull \hbox (badness 10000) in paragraph at lines 84--87
[]\OT1/cmr/m/n/10 IBM Q Ex-pe-ri-ence Com-mu-nity.  Last ac-cessed 06/12/2018.
 []


Underfull \hbox (badness 3312) in paragraph at lines 89--92
[]\OT1/cmr/m/n/10 IBM Q Ex-pe-ri-ence Doc-u-men-ta-tion Be-gin-ners Guide.  Las
t ac-cessed 06/12/2018.
 []


Underfull \hbox (badness 10000) in paragraph at lines 89--92
\OT1/cmr/m/n/10 https://quantumexperience.ng.bluemix.net/qx/tutorial?sectionId=
beginners-
 []


Underfull \hbox (badness 10000) in paragraph at lines 94--97
[]\OT1/cmr/m/n/10 IBM Q Ex-pe-ri-ence Doc-u-men-ta-tion Full Guide.  Last ac-ce
ssed 06/12/2018.
 []


Underfull \hbox (badness 10000) in paragraph at lines 94--97
\OT1/cmr/m/n/10 https://quantumexperience.ng.bluemix.net/qx/tutorial?sectionId=
full-user-
 []


Underfull \hbox (badness 10000) in paragraph at lines 99--103
[]\OT1/cmr/m/n/10 IBM Q Ex-pe-ri-ence, the on-line plat-form cre-ated by IBM al
-low-
 []


Underfull \hbox (badness 10000) in paragraph at lines 99--103
\OT1/cmr/m/n/10 ing users ac-cess to Quan-tum Com-put-ers.  Last ac-cessed 06/1
2/2018.
 []

[40]
Underfull \hbox (badness 10000) in paragraph at lines 105--108
[]\OT1/cmr/m/n/10 Jupyter Note-book Viewer - Qiskit Tu-to-ri-als.  Last ac-cess
ed 06/12/2018.
 []


Underfull \hbox (badness 4819) in paragraph at lines 117--121
[]\OT1/cmr/m/n/10 David Luben-sky.  Quan-tum Com-put-ing gets an API and SDK, M
arch 2017.
 []


Underfull \hbox (badness 1755) in paragraph at lines 156--161
[]\OT1/cmr/m/n/10 Brent Yorgey.  di-a-grams: Em-bed-ded domain-specific lan-gua
ge for declar-a-tive vec-
 []

) [41]
Package atveryend Info: Empty hook `BeforeClearDocument' on input line 1283.
Package atveryend Info: Empty hook `AfterLastShipout' on input line 1283.
 (./diss.aux)
Package atveryend Info: Executing hook `AtVeryEndDocument' on input line 1283.
Package atveryend Info: Executing hook `AtEndAfterFileList' on input line 1283.

Package rerunfilecheck Info: File `diss.out' has not changed.
(rerunfilecheck)             Checksum: 85D0F0AABEEF6F1441ABCB300F5F14F0;4096.


LaTeX Font Warning: Some font shapes were not available, defaults substituted.

 ) 
Here is how much of TeX's memory you used:
 19937 strings out of 492616
 358863 string characters out of 6135177
 456371 words of memory out of 5000000
 23259 multiletter control sequences out of 15000+600000
 9190 words of font info for 35 fonts, out of 8000000 for 9000
 1141 hyphenation exceptions out of 8191
 59i,12n,94p,1029b,705s stack positions out of 5000i,500n,10000p,200000b,80000s
</usr/share/texmf-dist/fonts/type1/public/amsfonts/cm/cmbx10.pfb></usr/share/
texmf-dist/fonts/type1/public/amsfonts/cm/cmbx12.pfb></usr/share/texmf-dist/fon
ts/type1/public/amsfonts/cm/cmbx7.pfb></usr/share/texmf-dist/fonts/type1/public
/amsfonts/cm/cmcsc10.pfb></usr/share/texmf-dist/fonts/type1/public/amsfonts/cm/
cmex10.pfb></usr/share/texmf-dist/fonts/type1/public/amsfonts/cm/cmmi10.pfb></u
sr/share/texmf-dist/fonts/type1/public/amsfonts/cm/cmmi5.pfb></usr/share/texmf-
dist/fonts/type1/public/amsfonts/cm/cmmi7.pfb></usr/share/texmf-dist/fonts/type
1/public/amsfonts/cm/cmr10.pfb></usr/share/texmf-dist/fonts/type1/public/amsfon
ts/cm/cmr12.pfb></usr/share/texmf-dist/fonts/type1/public/amsfonts/cm/cmr17.pfb
></usr/share/texmf-dist/fonts/type1/public/amsfonts/cm/cmr5.pfb></usr/share/tex
mf-dist/fonts/type1/public/amsfonts/cm/cmr7.pfb></usr/share/texmf-dist/fonts/ty
pe1/public/amsfonts/cm/cmsy10.pfb></usr/share/texmf-dist/fonts/type1/public/ams
fonts/cm/cmsy5.pfb></usr/share/texmf-dist/fonts/type1/public/amsfonts/cm/cmsy7.
pfb></usr/share/texmf-dist/fonts/type1/public/amsfonts/cm/cmti10.pfb></usr/shar
e/texmf-dist/fonts/type1/public/amsfonts/cm/cmtt10.pfb></usr/share/texmf-dist/f
onts/type1/public/amsfonts/symbols/msam10.pfb></usr/share/texmf-dist/fonts/type
1/public/amsfonts/symbols/msbm10.pfb>
Output written on diss.pdf (48 pages, 576745 bytes).
PDF statistics:
 880 PDF objects out of 1000 (max. 8388607)
 768 compressed objects within 8 object streams
 209 named destinations out of 1000 (max. 500000)
 621 words of extra memory for PDF output out of 10000 (max. 10000000)

